2023-07-07 23:10:03.555941 Stream @donhoman User: donbon_bot
2023-07-07 23:11:00.316803 Stream @donhoman User: 47vres
2023-07-07 23:11:00.316967 Stream @donhoman User: piwoipieczywo
2023-07-07 23:11:00.317063 Stream @donhoman User: polie2
2023-07-07 23:11:00.317152 Stream @donhoman User: streamelements
2023-07-07 23:11:00.317241 Stream @donhoman User: malfajter
2023-07-07 23:11:00.317328 Stream @donhoman User: spofoh
2023-07-07 23:11:00.317416 Stream @donhoman User: aliceydra
2023-07-07 23:11:00.317502 Stream @donhoman User: lurxx
2023-07-07 23:11:00.317588 Stream @donhoman User: commanderroot
2023-07-07 23:11:00.317672 Stream @donhoman User: aaxile
2023-07-07 23:11:00.317756 Stream @donhoman User: 7bvllet
2023-07-07 23:11:00.317840 Stream @donhoman User: xbarcin
2023-07-07 23:11:00.317924 Stream @donhoman User: thequeenttv__________
2023-07-07 23:11:00.318027 Stream @donhoman User: kattah
2023-07-07 23:11:00.318113 Stream @donhoman User: blerp
2023-07-07 23:11:00.318197 Stream @donhoman User: donhoman
2023-07-07 23:11:00.318280 Stream @donhoman User: video_game_talk
2023-07-07 23:11:00.318364 Stream @donhoman User: szybkifrancuz
2023-07-07 23:11:00.318446 Stream @donhoman User: monuxtwitch
2023-07-07 23:11:00.318529 Stream @donhoman User: anotherttvviewer
2023-07-07 23:11:00.318613 Stream @donhoman User: fortnitebabe_
2023-07-07 23:11:00.318697 Stream @donhoman User: discord4small_streamers
2023-07-07 23:11:00.318780 Stream @donhoman User: streamers_social_space
2023-07-07 23:11:00.318863 Stream @donhoman User: chat_for_gamers
2023-07-07 23:11:00.318945 Stream @donhoman User: aliengathering
2023-07-07 23:11:00.319074 Stream @donhoman User: maria_anderson_
2023-07-07 23:11:00.319178 Stream @donhoman User: drapsnatt
2023-07-07 23:11:00.319265 Stream @donhoman User: 01ella
2023-07-07 23:11:00.319348 Stream @donhoman User: 0ax2
2023-07-07 23:12:51.431518 Stream @donhoman User: donbon_bot
